Started GET "/" for 127.0.0.1 at 2019-01-06 18:37:50 +0200
Processing by Rails::WelcomeController#index as HTML
  Rendering /Users/dev/.rvm/gems/ruby-2.4.0/gems/railties-5.2.2/lib/rails/templates/rails/welcome/index.html.erb
  Rendered /Users/dev/.rvm/gems/ruby-2.4.0/gems/railties-5.2.2/lib/rails/templates/rails/welcome/index.html.erb (3.0ms)
Completed 200 OK in 15ms (Views: 11.4ms | ActiveRecord: 0.0ms)


  [1m[35m (0.1ms)[0m  [1m[34mSELECT sqlite_version(*)[0m
  ↳ bin/rails:9
  [1m[35m (1.7ms)[0m  [1m[35mCREATE TABLE "schema_migrations" ("version" varchar NOT NULL PRIMARY KEY)[0m
  ↳ bin/rails:9
  [1m[35m (1.3ms)[0m  [1m[35mCREATE TABLE "ar_internal_metadata" ("key" varchar NOT NULL PRIMARY KEY, "value" varchar, "created_at" datetime NOT NULL, "updated_at" datetime NOT NULL)[0m
  ↳ bin/rails:9
  [1m[35m (0.1ms)[0m  [1m[34mSELECT "schema_migrations"."version" FROM "schema_migrations" ORDER BY "schema_migrations"."version" ASC[0m
  ↳ bin/rails:9
Migrating to CreateQuestions (20190107091526)
  [1m[35m (0.1ms)[0m  [1m[36mbegin transaction[0m
  ↳ bin/rails:9
  [1m[35m (0.5ms)[0m  [1m[35mCREATE TABLE "questions" ("id" integer PRIMARY KEY AUTOINCREMENT NOT NULL, "text" varchar)[0m
  ↳ db/migrate/20190107091526_create_questions.rb:3
  [1m[36mActiveRecord::SchemaMigration Create (0.2ms)[0m  [1m[32mINSERT INTO "schema_migrations" ("version") VALUES (?)[0m  [["version", "20190107091526"]]
  ↳ bin/rails:9
  [1m[35m (0.9ms)[0m  [1m[36mcommit transaction[0m
  ↳ bin/rails:9
Migrating to CreateAnswers (20190107094946)
  [1m[35m (0.1ms)[0m  [1m[36mbegin transaction[0m
  ↳ bin/rails:9
  [1m[35m (0.4ms)[0m  [1m[35mCREATE TABLE "answers" ("id" integer PRIMARY KEY AUTOINCREMENT NOT NULL, "question_id" integer, "chat_id" integer, "text" varchar, "created_at" datetime NOT NULL, "updated_at" datetime NOT NULL)[0m
  ↳ db/migrate/20190107094946_create_answers.rb:3
  [1m[36mActiveRecord::SchemaMigration Create (0.2ms)[0m  [1m[32mINSERT INTO "schema_migrations" ("version") VALUES (?)[0m  [["version", "20190107094946"]]
  ↳ bin/rails:9
  [1m[35m (1.2ms)[0m  [1m[36mcommit transaction[0m
  ↳ bin/rails:9
  [1m[36mActiveRecord::InternalMetadata Load (0.2ms)[0m  [1m[34mSELECT  "ar_internal_metadata".* FROM "ar_internal_metadata" WHERE "ar_internal_metadata"."key" = ? LIMIT ?[0m  [["key", "environment"], ["LIMIT", 1]]
  ↳ bin/rails:9
  [1m[35m (0.1ms)[0m  [1m[36mbegin transaction[0m
  ↳ bin/rails:9
  [1m[36mActiveRecord::InternalMetadata Create (0.3ms)[0m  [1m[32mINSERT INTO "ar_internal_metadata" ("key", "value", "created_at", "updated_at") VALUES (?, ?, ?, ?)[0m  [["key", "environment"], ["value", "development"], ["created_at", "2019-01-07 09:51:29.771110"], ["updated_at", "2019-01-07 09:51:29.771110"]]
  ↳ bin/rails:9
  [1m[35m (0.7ms)[0m  [1m[36mcommit transaction[0m
  ↳ bin/rails:9
  [1m[35m (0.1ms)[0m  [1m[34mSELECT "schema_migrations"."version" FROM "schema_migrations" ORDER BY "schema_migrations"."version" ASC[0m
  ↳ bin/rails:9
Started GET "/" for 127.0.0.1 at 2019-01-07 11:53:40 +0200
  [1m[35m (0.2ms)[0m  [1m[34mSELECT "schema_migrations"."version" FROM "schema_migrations" ORDER BY "schema_migrations"."version" ASC[0m
  ↳ /Users/dev/.rvm/gems/ruby-2.4.0/gems/activerecord-5.2.2/lib/active_record/log_subscriber.rb:98
Processing by Rails::WelcomeController#index as HTML
  Rendering /Users/dev/.rvm/gems/ruby-2.4.0/gems/railties-5.2.2/lib/rails/templates/rails/welcome/index.html.erb
  Rendered /Users/dev/.rvm/gems/ruby-2.4.0/gems/railties-5.2.2/lib/rails/templates/rails/welcome/index.html.erb (3.9ms)
Completed 200 OK in 30ms (Views: 9.7ms | ActiveRecord: 0.0ms)


Started GET "/questions" for 127.0.0.1 at 2019-01-07 11:53:46 +0200
Processing by QuestionsController#index as HTML
  Rendering questions/index.html.erb within layouts/application
  [1m[36mQuestion Load (0.4ms)[0m  [1m[34mSELECT "questions".* FROM "questions"[0m
  ↳ app/views/questions/index.html.erb:14
  Rendered questions/index.html.erb within layouts/application (8.4ms)
Completed 200 OK in 311ms (Views: 294.7ms | ActiveRecord: 0.8ms)


Started GET "/questions/new" for 127.0.0.1 at 2019-01-07 11:53:48 +0200
Processing by QuestionsController#new as HTML
  Rendering questions/new.html.erb within layouts/application
  Rendered questions/_form.html.erb (30.3ms)
  Rendered questions/new.html.erb within layouts/application (33.3ms)
Completed 200 OK in 59ms (Views: 53.0ms | ActiveRecord: 0.5ms)


Started POST "/questions" for 127.0.0.1 at 2019-01-07 11:54:10 +0200
Processing by QuestionsController#create as HTML
  Parameters: {"utf8"=>"✓", "authenticity_token"=>"USh6GJskjMT7OYhK47J/rrLXelWGCiPkfGyFFdA5V2OrX0tItckUuK9vfDR/pj/ISj+07nxYwXMFqH1bKTScgQ==", "question"=>{"text"=>"Name?"}, "commit"=>"Create Question"}
  [1m[35m (0.1ms)[0m  [1m[36mbegin transaction[0m
  ↳ app/controllers/questions_controller.rb:30
  [1m[36mQuestion Create (0.7ms)[0m  [1m[32mINSERT INTO "questions" ("text") VALUES (?)[0m  [["text", "Name?"]]
  ↳ app/controllers/questions_controller.rb:30
  [1m[35m (1.2ms)[0m  [1m[36mcommit transaction[0m
  ↳ app/controllers/questions_controller.rb:30
Redirected to http://localhost:3000/questions/1
Completed 302 Found in 6ms (ActiveRecord: 2.0ms)


Started GET "/questions/1" for 127.0.0.1 at 2019-01-07 11:54:10 +0200
Processing by QuestionsController#show as HTML
  Parameters: {"id"=>"1"}
  [1m[36mQuestion Load (0.2ms)[0m  [1m[34mSELECT  "questions".* FROM "questions" WHERE "questions"."id" = ? LIMIT ?[0m  [["id", 1], ["LIMIT", 1]]
  ↳ app/controllers/questions_controller.rb:67
  Rendering questions/show.html.erb within layouts/application
  Rendered questions/show.html.erb within layouts/application (1.3ms)
Completed 200 OK in 32ms (Views: 25.9ms | ActiveRecord: 0.2ms)


Started GET "/questions" for 127.0.0.1 at 2019-01-07 11:54:12 +0200
Processing by QuestionsController#index as HTML
  Rendering questions/index.html.erb within layouts/application
  [1m[36mQuestion Load (0.5ms)[0m  [1m[34mSELECT "questions".* FROM "questions"[0m
  ↳ app/views/questions/index.html.erb:14
  Rendered questions/index.html.erb within layouts/application (2.9ms)
Completed 200 OK in 24ms (Views: 21.0ms | ActiveRecord: 0.5ms)


Started GET "/questions/new" for 127.0.0.1 at 2019-01-07 11:54:14 +0200
Processing by QuestionsController#new as HTML
  Rendering questions/new.html.erb within layouts/application
  Rendered questions/_form.html.erb (2.8ms)
  Rendered questions/new.html.erb within layouts/application (6.8ms)
Completed 200 OK in 32ms (Views: 29.2ms | ActiveRecord: 0.0ms)


Started POST "/questions" for 127.0.0.1 at 2019-01-07 11:54:21 +0200
Processing by QuestionsController#create as HTML
  Parameters: {"utf8"=>"✓", "authenticity_token"=>"OPmmnc0SnJ7qulSeCZZZqyXP6Wz/kpoCP3gr7F6ec3zCjpfN4/8E4r7soOCVghnN3Scn1wXAeJVGvNOip5O4ng==", "question"=>{"text"=>"Phone?"}, "commit"=>"Create Question"}
  [1m[35m (0.1ms)[0m  [1m[36mbegin transaction[0m
  ↳ app/controllers/questions_controller.rb:30
  [1m[36mQuestion Create (7.2ms)[0m  [1m[32mINSERT INTO "questions" ("text") VALUES (?)[0m  [["text", "Phone?"]]
  ↳ app/controllers/questions_controller.rb:30
  [1m[35m (0.7ms)[0m  [1m[36mcommit transaction[0m
  ↳ app/controllers/questions_controller.rb:30
Redirected to http://localhost:3000/questions/2
Completed 302 Found in 11ms (ActiveRecord: 8.0ms)


Started GET "/questions/2" for 127.0.0.1 at 2019-01-07 11:54:21 +0200
Processing by QuestionsController#show as HTML
  Parameters: {"id"=>"2"}
  [1m[36mQuestion Load (0.2ms)[0m  [1m[34mSELECT  "questions".* FROM "questions" WHERE "questions"."id" = ? LIMIT ?[0m  [["id", 2], ["LIMIT", 1]]
  ↳ app/controllers/questions_controller.rb:67
  Rendering questions/show.html.erb within layouts/application
  Rendered questions/show.html.erb within layouts/application (1.5ms)
Completed 200 OK in 22ms (Views: 19.8ms | ActiveRecord: 0.2ms)


Started GET "/questions" for 127.0.0.1 at 2019-01-07 11:54:23 +0200
Processing by QuestionsController#index as HTML
  Rendering questions/index.html.erb within layouts/application
  [1m[36mQuestion Load (0.2ms)[0m  [1m[34mSELECT "questions".* FROM "questions"[0m
  ↳ app/views/questions/index.html.erb:14
  Rendered questions/index.html.erb within layouts/application (2.7ms)
Completed 200 OK in 22ms (Views: 19.4ms | ActiveRecord: 0.2ms)


Started GET "/questions/new" for 127.0.0.1 at 2019-01-07 11:54:25 +0200
Processing by QuestionsController#new as HTML
  Rendering questions/new.html.erb within layouts/application
  Rendered questions/_form.html.erb (2.4ms)
  Rendered questions/new.html.erb within layouts/application (5.6ms)
Completed 200 OK in 24ms (Views: 22.0ms | ActiveRecord: 0.0ms)


Started POST "/questions" for 127.0.0.1 at 2019-01-07 11:54:40 +0200
Processing by QuestionsController#create as HTML
  Parameters: {"utf8"=>"✓", "authenticity_token"=>"SRsHsWofzAoqhOIIfcAlfQocguFuzw+4c5SIbzCkrxSzbDbhRPJUdn7SFnbh1GUb8vRMWpSd7S8KUHAhyalk9g==", "question"=>{"text"=>"age?"}, "commit"=>"Create Question"}
  [1m[35m (0.1ms)[0m  [1m[36mbegin transaction[0m
  ↳ app/controllers/questions_controller.rb:30
  [1m[36mQuestion Create (0.5ms)[0m  [1m[32mINSERT INTO "questions" ("text") VALUES (?)[0m  [["text", "age?"]]
  ↳ app/controllers/questions_controller.rb:30
  [1m[35m (1.6ms)[0m  [1m[36mcommit transaction[0m
  ↳ app/controllers/questions_controller.rb:30
Redirected to http://localhost:3000/questions/3
Completed 302 Found in 7ms (ActiveRecord: 2.2ms)


Started GET "/questions/3" for 127.0.0.1 at 2019-01-07 11:54:40 +0200
Processing by QuestionsController#show as HTML
  Parameters: {"id"=>"3"}
  [1m[36mQuestion Load (0.2ms)[0m  [1m[34mSELECT  "questions".* FROM "questions" WHERE "questions"."id" = ? LIMIT ?[0m  [["id", 3], ["LIMIT", 1]]
  ↳ app/controllers/questions_controller.rb:67
  Rendering questions/show.html.erb within layouts/application
  Rendered questions/show.html.erb within layouts/application (2.2ms)
Completed 200 OK in 26ms (Views: 22.1ms | ActiveRecord: 0.2ms)


Started GET "/questions" for 127.0.0.1 at 2019-01-07 11:54:44 +0200
Processing by QuestionsController#index as HTML
  Rendering questions/index.html.erb within layouts/application
  [1m[36mQuestion Load (0.2ms)[0m  [1m[34mSELECT "questions".* FROM "questions"[0m
  ↳ app/views/questions/index.html.erb:14
  Rendered questions/index.html.erb within layouts/application (2.5ms)
Completed 200 OK in 23ms (Views: 20.6ms | ActiveRecord: 0.2ms)


Started GET "/questions/new" for 127.0.0.1 at 2019-01-07 11:54:45 +0200
Processing by QuestionsController#new as HTML
  Rendering questions/new.html.erb within layouts/application
  Rendered questions/_form.html.erb (2.1ms)
  Rendered questions/new.html.erb within layouts/application (4.6ms)
Completed 200 OK in 23ms (Views: 21.4ms | ActiveRecord: 0.0ms)


Started POST "/questions" for 127.0.0.1 at 2019-01-07 11:54:52 +0200
Processing by QuestionsController#create as HTML
  Parameters: {"utf8"=>"✓", "authenticity_token"=>"I8BhmDu2SreKKZks3xoZMReMp34K/VcQYB0S6wYJsTDZt1DIFVvSy95/bVJDDllX72RpxfCvtYcZ2eql/wR60g==", "question"=>{"text"=>"mail?"}, "commit"=>"Create Question"}
  [1m[35m (0.1ms)[0m  [1m[36mbegin transaction[0m
  ↳ app/controllers/questions_controller.rb:30
  [1m[36mQuestion Create (0.5ms)[0m  [1m[32mINSERT INTO "questions" ("text") VALUES (?)[0m  [["text", "mail?"]]
  ↳ app/controllers/questions_controller.rb:30
  [1m[35m (2.0ms)[0m  [1m[36mcommit transaction[0m
  ↳ app/controllers/questions_controller.rb:30
Redirected to http://localhost:3000/questions/4
Completed 302 Found in 7ms (ActiveRecord: 2.6ms)


Started GET "/questions/4" for 127.0.0.1 at 2019-01-07 11:54:52 +0200
Processing by QuestionsController#show as HTML
  Parameters: {"id"=>"4"}
  [1m[36mQuestion Load (0.2ms)[0m  [1m[34mSELECT  "questions".* FROM "questions" WHERE "questions"."id" = ? LIMIT ?[0m  [["id", 4], ["LIMIT", 1]]
  ↳ app/controllers/questions_controller.rb:67
  Rendering questions/show.html.erb within layouts/application
  Rendered questions/show.html.erb within layouts/application (0.9ms)
Completed 200 OK in 28ms (Views: 25.5ms | ActiveRecord: 0.2ms)


Started GET "/questions" for 127.0.0.1 at 2019-01-07 11:55:05 +0200
Processing by QuestionsController#index as HTML
  Rendering questions/index.html.erb within layouts/application
  [1m[36mQuestion Load (0.3ms)[0m  [1m[34mSELECT "questions".* FROM "questions"[0m
  ↳ app/views/questions/index.html.erb:14
  Rendered questions/index.html.erb within layouts/application (3.8ms)
Completed 200 OK in 22ms (Views: 19.8ms | ActiveRecord: 0.3ms)


Started GET "/questions" for 127.0.0.1 at 2019-01-07 11:56:03 +0200
Processing by QuestionsController#index as HTML
  Rendering questions/index.html.erb within layouts/application
  [1m[36mQuestion Load (0.2ms)[0m  [1m[34mSELECT "questions".* FROM "questions"[0m
  ↳ app/views/questions/index.html.erb:14
  Rendered questions/index.html.erb within layouts/application (2.5ms)
Completed 200 OK in 32ms (Views: 29.1ms | ActiveRecord: 0.2ms)


Started GET "/questions" for 127.0.0.1 at 2019-01-07 16:12:33 +0200
Processing by QuestionsController#index as HTML
  Rendering questions/index.html.erb within layouts/application
  [1m[36mQuestion Load (0.3ms)[0m  [1m[34mSELECT "questions".* FROM "questions"[0m
  ↳ app/views/questions/index.html.erb:14
  Rendered questions/index.html.erb within layouts/application (8.1ms)
Completed 200 OK in 39ms (Views: 34.8ms | ActiveRecord: 0.8ms)


  [1m[35m (1.1ms)[0m  [1m[34mSELECT "schema_migrations"."version" FROM "schema_migrations" ORDER BY "schema_migrations"."version" ASC[0m
  ↳ bin/rails:9
  [1m[35m (1.2ms)[0m  [1m[34mSELECT "ar_internal_metadata"."value" FROM "ar_internal_metadata" WHERE "ar_internal_metadata"."key" = ?[0m  [["key", "environment"]]
  ↳ bin/rails:9
  [1m[35m (0.1ms)[0m  [1m[34mSELECT "schema_migrations"."version" FROM "schema_migrations" ORDER BY "schema_migrations"."version" ASC[0m
  ↳ bin/rails:9
  [1m[35m (0.1ms)[0m  [1m[34mSELECT "ar_internal_metadata"."value" FROM "ar_internal_metadata" WHERE "ar_internal_metadata"."key" = ?[0m  [["key", "environment"]]
  ↳ bin/rails:9
  [1m[35m (0.1ms)[0m  [1m[34mSELECT "schema_migrations"."version" FROM "schema_migrations" ORDER BY "schema_migrations"."version" ASC[0m
  ↳ bin/rails:9
  [1m[35m (0.1ms)[0m  [1m[34mSELECT "ar_internal_metadata"."value" FROM "ar_internal_metadata" WHERE "ar_internal_metadata"."key" = ?[0m  [["key", "environment"]]
  ↳ bin/rails:9
  [1m[35m (0.1ms)[0m  [1m[34mSELECT sqlite_version(*)[0m
  ↳ bin/rails:9
  [1m[35m (2.0ms)[0m  [1m[35mCREATE TABLE "schema_migrations" ("version" varchar NOT NULL PRIMARY KEY)[0m
  ↳ bin/rails:9
  [1m[35m (1.3ms)[0m  [1m[35mCREATE TABLE "ar_internal_metadata" ("key" varchar NOT NULL PRIMARY KEY, "value" varchar, "created_at" datetime NOT NULL, "updated_at" datetime NOT NULL)[0m
  ↳ bin/rails:9
  [1m[35m (0.1ms)[0m  [1m[34mSELECT "schema_migrations"."version" FROM "schema_migrations" ORDER BY "schema_migrations"."version" ASC[0m
  ↳ bin/rails:9
Migrating to CreateQuestions (20190107091526)
  [1m[35m (0.1ms)[0m  [1m[36mbegin transaction[0m
  ↳ bin/rails:9
  [1m[35m (0.5ms)[0m  [1m[35mCREATE TABLE "questions" ("id" integer PRIMARY KEY AUTOINCREMENT NOT NULL, "text" varchar)[0m
  ↳ db/migrate/20190107091526_create_questions.rb:3
  [1m[36mActiveRecord::SchemaMigration Create (0.2ms)[0m  [1m[32mINSERT INTO "schema_migrations" ("version") VALUES (?)[0m  [["version", "20190107091526"]]
  ↳ bin/rails:9
  [1m[35m (0.8ms)[0m  [1m[36mcommit transaction[0m
  ↳ bin/rails:9
Migrating to CreateAnswers (20190107094946)
  [1m[35m (0.1ms)[0m  [1m[36mbegin transaction[0m
  ↳ bin/rails:9
  [1m[35m (0.4ms)[0m  [1m[35mCREATE TABLE "answers" ("id" integer PRIMARY KEY AUTOINCREMENT NOT NULL, "question_id" integer, "user_id" integer, "text" varchar, "created_at" datetime NOT NULL, "updated_at" datetime NOT NULL)[0m
  ↳ db/migrate/20190107094946_create_answers.rb:3
  [1m[36mActiveRecord::SchemaMigration Create (0.2ms)[0m  [1m[32mINSERT INTO "schema_migrations" ("version") VALUES (?)[0m  [["version", "20190107094946"]]
  ↳ bin/rails:9
  [1m[35m (1.2ms)[0m  [1m[36mcommit transaction[0m
  ↳ bin/rails:9
Migrating to CreateUsers (20190107222604)
  [1m[35m (0.1ms)[0m  [1m[36mbegin transaction[0m
  ↳ bin/rails:9
  [1m[35m (0.3ms)[0m  [1m[35mCREATE TABLE "users" ("id" integer PRIMARY KEY AUTOINCREMENT NOT NULL, "chat_id" integer, "stage" integer)[0m
  ↳ db/migrate/20190107222604_create_users.rb:3
  [1m[36mActiveRecord::SchemaMigration Create (0.2ms)[0m  [1m[32mINSERT INTO "schema_migrations" ("version") VALUES (?)[0m  [["version", "20190107222604"]]
  ↳ bin/rails:9
  [1m[35m (1.3ms)[0m  [1m[36mcommit transaction[0m
  ↳ bin/rails:9
  [1m[36mActiveRecord::InternalMetadata Load (0.2ms)[0m  [1m[34mSELECT  "ar_internal_metadata".* FROM "ar_internal_metadata" WHERE "ar_internal_metadata"."key" = ? LIMIT ?[0m  [["key", "environment"], ["LIMIT", 1]]
  ↳ bin/rails:9
  [1m[35m (0.1ms)[0m  [1m[36mbegin transaction[0m
  ↳ bin/rails:9
  [1m[36mActiveRecord::InternalMetadata Create (0.4ms)[0m  [1m[32mINSERT INTO "ar_internal_metadata" ("key", "value", "created_at", "updated_at") VALUES (?, ?, ?, ?)[0m  [["key", "environment"], ["value", "development"], ["created_at", "2019-01-07 22:26:21.799452"], ["updated_at", "2019-01-07 22:26:21.799452"]]
  ↳ bin/rails:9
  [1m[35m (0.7ms)[0m  [1m[36mcommit transaction[0m
  ↳ bin/rails:9
  [1m[35m (0.2ms)[0m  [1m[34mSELECT "schema_migrations"."version" FROM "schema_migrations" ORDER BY "schema_migrations"."version" ASC[0m
  ↳ bin/rails:9
Started GET "/questions" for 127.0.0.1 at 2019-01-08 00:26:41 +0200
  [1m[35m (0.1ms)[0m  [1m[34mSELECT "schema_migrations"."version" FROM "schema_migrations" ORDER BY "schema_migrations"."version" ASC[0m
  ↳ /Users/dev/.rvm/gems/ruby-2.4.0/gems/activerecord-5.2.2/lib/active_record/log_subscriber.rb:98
Processing by QuestionsController#index as HTML
  Rendering questions/index.html.erb within layouts/application
  [1m[36mQuestion Load (0.2ms)[0m  [1m[34mSELECT "questions".* FROM "questions"[0m
  ↳ app/views/questions/index.html.erb:14
  Rendered questions/index.html.erb within layouts/application (6.8ms)
Completed 200 OK in 210ms (Views: 202.4ms | ActiveRecord: 0.3ms)


Started GET "/questions/new" for 127.0.0.1 at 2019-01-08 00:26:44 +0200
Processing by QuestionsController#new as HTML
  Rendering questions/new.html.erb within layouts/application
  Rendered questions/_form.html.erb (11.4ms)
  Rendered questions/new.html.erb within layouts/application (40.4ms)
Completed 200 OK in 68ms (Views: 61.4ms | ActiveRecord: 0.6ms)


Started POST "/questions" for 127.0.0.1 at 2019-01-08 00:26:49 +0200
Processing by QuestionsController#create as HTML
  Parameters: {"utf8"=>"✓", "authenticity_token"=>"faRJx77gAcmQK+Fwtzt3qbga8Jccp++OmBTXzwiCvmuH03iXkA2ZtcR9FQ4rLzfPQPI+LOb1DRnh0C+B8Y91iQ==", "question"=>{"text"=>"Name?"}, "commit"=>"Create Question"}
  [1m[35m (0.1ms)[0m  [1m[36mbegin transaction[0m
  ↳ app/controllers/questions_controller.rb:30
  [1m[36mQuestion Create (0.4ms)[0m  [1m[32mINSERT INTO "questions" ("text") VALUES (?)[0m  [["text", "Name?"]]
  ↳ app/controllers/questions_controller.rb:30
  [1m[35m (0.7ms)[0m  [1m[36mcommit transaction[0m
  ↳ app/controllers/questions_controller.rb:30
Redirected to http://localhost:3000/questions/1
Completed 302 Found in 5ms (ActiveRecord: 1.3ms)


Started GET "/questions/1" for 127.0.0.1 at 2019-01-08 00:26:49 +0200
Processing by QuestionsController#show as HTML
  Parameters: {"id"=>"1"}
  [1m[36mQuestion Load (0.2ms)[0m  [1m[34mSELECT  "questions".* FROM "questions" WHERE "questions"."id" = ? LIMIT ?[0m  [["id", 1], ["LIMIT", 1]]
  ↳ app/controllers/questions_controller.rb:67
  Rendering questions/show.html.erb within layouts/application
  Rendered questions/show.html.erb within layouts/application (0.9ms)
Completed 200 OK in 22ms (Views: 17.0ms | ActiveRecord: 0.2ms)


Started GET "/questions" for 127.0.0.1 at 2019-01-08 00:26:51 +0200
Processing by QuestionsController#index as HTML
  Rendering questions/index.html.erb within layouts/application
  [1m[36mQuestion Load (0.3ms)[0m  [1m[34mSELECT "questions".* FROM "questions"[0m
  ↳ app/views/questions/index.html.erb:14
  Rendered questions/index.html.erb within layouts/application (3.0ms)
Completed 200 OK in 20ms (Views: 18.2ms | ActiveRecord: 0.3ms)


Started GET "/questions/new" for 127.0.0.1 at 2019-01-08 00:26:52 +0200
Processing by QuestionsController#new as HTML
  Rendering questions/new.html.erb within layouts/application
  Rendered questions/_form.html.erb (2.2ms)
  Rendered questions/new.html.erb within layouts/application (4.8ms)
Completed 200 OK in 23ms (Views: 20.3ms | ActiveRecord: 0.0ms)


Started POST "/questions" for 127.0.0.1 at 2019-01-08 00:26:55 +0200
Processing by QuestionsController#create as HTML
  Parameters: {"utf8"=>"✓", "authenticity_token"=>"UWGABghxRkCaUzF0ZqHvdnD48txIN+7/IsL1IGqcI92rFrFWJpzePM4FxQr6ta8QiBA8Z7JlDGhbBg1uk5HoPw==", "question"=>{"text"=>"Phone?"}, "commit"=>"Create Question"}
  [1m[35m (0.1ms)[0m  [1m[36mbegin transaction[0m
  ↳ app/controllers/questions_controller.rb:30
  [1m[36mQuestion Create (0.5ms)[0m  [1m[32mINSERT INTO "questions" ("text") VALUES (?)[0m  [["text", "Phone?"]]
  ↳ app/controllers/questions_controller.rb:30
  [1m[35m (1.0ms)[0m  [1m[36mcommit transaction[0m
  ↳ app/controllers/questions_controller.rb:30
Redirected to http://localhost:3000/questions/2
Completed 302 Found in 5ms (ActiveRecord: 1.6ms)


Started GET "/questions/2" for 127.0.0.1 at 2019-01-08 00:26:55 +0200
Processing by QuestionsController#show as HTML
  Parameters: {"id"=>"2"}
  [1m[36mQuestion Load (0.3ms)[0m  [1m[34mSELECT  "questions".* FROM "questions" WHERE "questions"."id" = ? LIMIT ?[0m  [["id", 2], ["LIMIT", 1]]
  ↳ app/controllers/questions_controller.rb:67
  Rendering questions/show.html.erb within layouts/application
  Rendered questions/show.html.erb within layouts/application (0.8ms)
Completed 200 OK in 16ms (Views: 13.2ms | ActiveRecord: 0.3ms)


Started GET "/questions" for 127.0.0.1 at 2019-01-08 00:26:56 +0200
Processing by QuestionsController#index as HTML
  Rendering questions/index.html.erb within layouts/application
  [1m[36mQuestion Load (0.2ms)[0m  [1m[34mSELECT "questions".* FROM "questions"[0m
  ↳ app/views/questions/index.html.erb:14
  Rendered questions/index.html.erb within layouts/application (3.4ms)
Completed 200 OK in 23ms (Views: 20.2ms | ActiveRecord: 0.2ms)


Started GET "/questions/new" for 127.0.0.1 at 2019-01-08 00:26:57 +0200
Processing by QuestionsController#new as HTML
  Rendering questions/new.html.erb within layouts/application
  Rendered questions/_form.html.erb (2.1ms)
  Rendered questions/new.html.erb within layouts/application (5.7ms)
Completed 200 OK in 32ms (Views: 29.5ms | ActiveRecord: 0.0ms)


Started POST "/questions" for 127.0.0.1 at 2019-01-08 00:27:13 +0200
Processing by QuestionsController#create as HTML
  Parameters: {"utf8"=>"✓", "authenticity_token"=>"+edxKuHkqZXQDhghlRQTG1WEp1vQvMQUvtPyCyGiD90DkEB6zwkx6YRY7F8JAFN9rWxp4CruJoPHFwpF2K/EPw==", "question"=>{"text"=>"age?"}, "commit"=>"Create Question"}
  [1m[35m (0.1ms)[0m  [1m[36mbegin transaction[0m
  ↳ app/controllers/questions_controller.rb:30
  [1m[36mQuestion Create (0.5ms)[0m  [1m[32mINSERT INTO "questions" ("text") VALUES (?)[0m  [["text", "age?"]]
  ↳ app/controllers/questions_controller.rb:30
  [1m[35m (1.3ms)[0m  [1m[36mcommit transaction[0m
  ↳ app/controllers/questions_controller.rb:30
Redirected to http://localhost:3000/questions/3
Completed 302 Found in 6ms (ActiveRecord: 1.9ms)


Started GET "/questions/3" for 127.0.0.1 at 2019-01-08 00:27:13 +0200
Processing by QuestionsController#show as HTML
  Parameters: {"id"=>"3"}
  [1m[36mQuestion Load (0.2ms)[0m  [1m[34mSELECT  "questions".* FROM "questions" WHERE "questions"."id" = ? LIMIT ?[0m  [["id", 3], ["LIMIT", 1]]
  ↳ app/controllers/questions_controller.rb:67
  Rendering questions/show.html.erb within layouts/application
  Rendered questions/show.html.erb within layouts/application (0.9ms)
Completed 200 OK in 24ms (Views: 21.0ms | ActiveRecord: 0.2ms)


Started GET "/questions" for 127.0.0.1 at 2019-01-08 00:27:15 +0200
Processing by QuestionsController#index as HTML
  Rendering questions/index.html.erb within layouts/application
  [1m[36mQuestion Load (0.2ms)[0m  [1m[34mSELECT "questions".* FROM "questions"[0m
  ↳ app/views/questions/index.html.erb:14
  Rendered questions/index.html.erb within layouts/application (2.7ms)
Completed 200 OK in 21ms (Views: 19.1ms | ActiveRecord: 0.2ms)


Started GET "/questions/new" for 127.0.0.1 at 2019-01-08 00:27:16 +0200
Processing by QuestionsController#new as HTML
  Rendering questions/new.html.erb within layouts/application
  Rendered questions/_form.html.erb (2.4ms)
  Rendered questions/new.html.erb within layouts/application (4.8ms)
Completed 200 OK in 28ms (Views: 24.9ms | ActiveRecord: 0.0ms)


Started POST "/questions" for 127.0.0.1 at 2019-01-08 00:27:19 +0200
Processing by QuestionsController#create as HTML
  Parameters: {"utf8"=>"✓", "authenticity_token"=>"3qiBxaRHMXORHv+BMTu9qa0X1bML4MMzRb3I5Y2ig8Ek37CViqqpD8VIC/+tL/3PVf8bCPGyIaQ8eTCrdK9IIw==", "question"=>{"text"=>"mail?"}, "commit"=>"Create Question"}
  [1m[35m (0.1ms)[0m  [1m[36mbegin transaction[0m
  ↳ app/controllers/questions_controller.rb:30
  [1m[36mQuestion Create (0.4ms)[0m  [1m[32mINSERT INTO "questions" ("text") VALUES (?)[0m  [["text", "mail?"]]
  ↳ app/controllers/questions_controller.rb:30
  [1m[35m (0.8ms)[0m  [1m[36mcommit transaction[0m
  ↳ app/controllers/questions_controller.rb:30
Redirected to http://localhost:3000/questions/4
Completed 302 Found in 5ms (ActiveRecord: 1.3ms)


Started GET "/questions/4" for 127.0.0.1 at 2019-01-08 00:27:19 +0200
Processing by QuestionsController#show as HTML
  Parameters: {"id"=>"4"}
  [1m[36mQuestion Load (0.2ms)[0m  [1m[34mSELECT  "questions".* FROM "questions" WHERE "questions"."id" = ? LIMIT ?[0m  [["id", 4], ["LIMIT", 1]]
  ↳ app/controllers/questions_controller.rb:67
  Rendering questions/show.html.erb within layouts/application
  Rendered questions/show.html.erb within layouts/application (1.1ms)
Completed 200 OK in 26ms (Views: 22.1ms | ActiveRecord: 0.2ms)


Started GET "/questions" for 127.0.0.1 at 2019-01-08 00:27:20 +0200
Processing by QuestionsController#index as HTML
  Rendering questions/index.html.erb within layouts/application
  [1m[36mQuestion Load (0.2ms)[0m  [1m[34mSELECT "questions".* FROM "questions"[0m
  ↳ app/views/questions/index.html.erb:14
  Rendered questions/index.html.erb within layouts/application (3.6ms)
Completed 200 OK in 21ms (Views: 19.1ms | ActiveRecord: 0.2ms)


Started GET "/questions/1" for 127.0.0.1 at 2019-01-08 00:28:20 +0200
Processing by QuestionsController#show as HTML
  Parameters: {"id"=>"1"}
  [1m[36mQuestion Load (0.2ms)[0m  [1m[34mSELECT  "questions".* FROM "questions" WHERE "questions"."id" = ? LIMIT ?[0m  [["id", 1], ["LIMIT", 1]]
  ↳ app/controllers/questions_controller.rb:67
  Rendering questions/show.html.erb within layouts/application
  Rendered questions/show.html.erb within layouts/application (1.3ms)
Completed 200 OK in 31ms (Views: 27.4ms | ActiveRecord: 0.2ms)


Started GET "/questions/1/edit" for 127.0.0.1 at 2019-01-08 00:28:23 +0200
Processing by QuestionsController#edit as HTML
  Parameters: {"id"=>"1"}
  [1m[36mQuestion Load (0.1ms)[0m  [1m[34mSELECT  "questions".* FROM "questions" WHERE "questions"."id" = ? LIMIT ?[0m  [["id", 1], ["LIMIT", 1]]
  ↳ app/controllers/questions_controller.rb:67
  Rendering questions/edit.html.erb within layouts/application
  Rendered questions/_form.html.erb (3.1ms)
  Rendered questions/edit.html.erb within layouts/application (6.2ms)
Completed 200 OK in 46ms (Views: 41.2ms | ActiveRecord: 0.1ms)


Started PATCH "/questions/1" for 127.0.0.1 at 2019-01-08 00:28:31 +0200
Processing by QuestionsController#update as HTML
  Parameters: {"utf8"=>"✓", "authenticity_token"=>"HuxS4gGVvecYu2Ib2WBwPucvc/9H/NkFB9XkPZe0NlTkm2OyL3glm0ztlmVFdDBYH8e9RL2uO5J+ERxzbrn9tg==", "question"=>{"text"=>"what is ur Name?"}, "commit"=>"Update Question", "id"=>"1"}
  [1m[36mQuestion Load (0.2ms)[0m  [1m[34mSELECT  "questions".* FROM "questions" WHERE "questions"."id" = ? LIMIT ?[0m  [["id", 1], ["LIMIT", 1]]
  ↳ app/controllers/questions_controller.rb:67
  [1m[35m (0.1ms)[0m  [1m[36mbegin transaction[0m
  ↳ app/controllers/questions_controller.rb:44
  [1m[36mQuestion Update (1.2ms)[0m  [1m[33mUPDATE "questions" SET "text" = ? WHERE "questions"."id" = ?[0m  [["text", "what is ur Name?"], ["id", 1]]
  ↳ app/controllers/questions_controller.rb:44
  [1m[35m (1.6ms)[0m  [1m[36mcommit transaction[0m
  ↳ app/controllers/questions_controller.rb:44
Redirected to http://localhost:3000/questions/1
Completed 302 Found in 9ms (ActiveRecord: 3.1ms)


Started GET "/questions/1" for 127.0.0.1 at 2019-01-08 00:28:31 +0200
Processing by QuestionsController#show as HTML
  Parameters: {"id"=>"1"}
  [1m[36mQuestion Load (0.1ms)[0m  [1m[34mSELECT  "questions".* FROM "questions" WHERE "questions"."id" = ? LIMIT ?[0m  [["id", 1], ["LIMIT", 1]]
  ↳ app/controllers/questions_controller.rb:67
  Rendering questions/show.html.erb within layouts/application
  Rendered questions/show.html.erb within layouts/application (1.3ms)
Completed 200 OK in 31ms (Views: 27.8ms | ActiveRecord: 0.1ms)


Started GET "/questions" for 127.0.0.1 at 2019-01-08 00:28:34 +0200
Processing by QuestionsController#index as HTML
  Rendering questions/index.html.erb within layouts/application
  [1m[36mQuestion Load (0.2ms)[0m  [1m[34mSELECT "questions".* FROM "questions"[0m
  ↳ app/views/questions/index.html.erb:14
  Rendered questions/index.html.erb within layouts/application (3.5ms)
Completed 200 OK in 26ms (Views: 21.8ms | ActiveRecord: 0.2ms)


Started GET "/questions/new" for 127.0.0.1 at 2019-01-08 00:33:09 +0200
Processing by QuestionsController#new as HTML
  Rendering questions/new.html.erb within layouts/application
  Rendered questions/_form.html.erb (2.6ms)
  Rendered questions/new.html.erb within layouts/application (5.1ms)
Completed 200 OK in 30ms (Views: 18.9ms | ActiveRecord: 0.9ms)


  [1m[35m (0.1ms)[0m  [1m[34mSELECT "schema_migrations"."version" FROM "schema_migrations" ORDER BY "schema_migrations"."version" ASC[0m
  ↳ bin/rails:9
  [1m[35m (0.1ms)[0m  [1m[34mSELECT "ar_internal_metadata"."value" FROM "ar_internal_metadata" WHERE "ar_internal_metadata"."key" = ?[0m  [["key", "environment"]]
  ↳ bin/rails:9
  [1m[35m (0.1ms)[0m  [1m[34mSELECT "schema_migrations"."version" FROM "schema_migrations" ORDER BY "schema_migrations"."version" ASC[0m
  ↳ bin/rails:9
  [1m[35m (0.1ms)[0m  [1m[34mSELECT "ar_internal_metadata"."value" FROM "ar_internal_metadata" WHERE "ar_internal_metadata"."key" = ?[0m  [["key", "environment"]]
  ↳ bin/rails:9
  [1m[35m (0.1ms)[0m  [1m[34mSELECT "schema_migrations"."version" FROM "schema_migrations" ORDER BY "schema_migrations"."version" ASC[0m
  ↳ bin/rails:9
  [1m[35m (0.1ms)[0m  [1m[34mSELECT "ar_internal_metadata"."value" FROM "ar_internal_metadata" WHERE "ar_internal_metadata"."key" = ?[0m  [["key", "environment"]]
  ↳ bin/rails:9
  [1m[35m (0.1ms)[0m  [1m[34mSELECT sqlite_version(*)[0m
  ↳ bin/rails:9
  [1m[35m (2.9ms)[0m  [1m[35mCREATE TABLE "schema_migrations" ("version" varchar NOT NULL PRIMARY KEY)[0m
  ↳ bin/rails:9
  [1m[35m (1.0ms)[0m  [1m[35mCREATE TABLE "ar_internal_metadata" ("key" varchar NOT NULL PRIMARY KEY, "value" varchar, "created_at" datetime NOT NULL, "updated_at" datetime NOT NULL)[0m
  ↳ bin/rails:9
  [1m[35m (0.1ms)[0m  [1m[34mSELECT "schema_migrations"."version" FROM "schema_migrations" ORDER BY "schema_migrations"."version" ASC[0m
  ↳ bin/rails:9
Migrating to CreateQuestions (20190107091526)
  [1m[35m (0.1ms)[0m  [1m[36mbegin transaction[0m
  ↳ bin/rails:9
  [1m[35m (0.4ms)[0m  [1m[35mCREATE TABLE "questions" ("id" integer PRIMARY KEY AUTOINCREMENT NOT NULL, "text" varchar)[0m
  ↳ db/migrate/20190107091526_create_questions.rb:3
  [1m[36mActiveRecord::SchemaMigration Create (0.4ms)[0m  [1m[32mINSERT INTO "schema_migrations" ("version") VALUES (?)[0m  [["version", "20190107091526"]]
  ↳ bin/rails:9
  [1m[35m (0.8ms)[0m  [1m[36mcommit transaction[0m
  ↳ bin/rails:9
Migrating to CreateAnswers (20190107094946)
  [1m[35m (0.0ms)[0m  [1m[36mbegin transaction[0m
  ↳ bin/rails:9
  [1m[35m (0.3ms)[0m  [1m[35mCREATE TABLE "answers" ("id" integer PRIMARY KEY AUTOINCREMENT NOT NULL, "question_id" integer, "user_id" integer, "text" varchar, "created_at" datetime NOT NULL, "updated_at" datetime NOT NULL)[0m
  ↳ db/migrate/20190107094946_create_answers.rb:3
  [1m[36mActiveRecord::SchemaMigration Create (0.1ms)[0m  [1m[32mINSERT INTO "schema_migrations" ("version") VALUES (?)[0m  [["version", "20190107094946"]]
  ↳ bin/rails:9
  [1m[35m (1.0ms)[0m  [1m[36mcommit transaction[0m
  ↳ bin/rails:9
Migrating to CreateUsers (20190107222604)
  [1m[35m (0.1ms)[0m  [1m[36mbegin transaction[0m
  ↳ bin/rails:9
  [1m[35m (0.7ms)[0m  [1m[35mCREATE TABLE "users" ("id" integer PRIMARY KEY AUTOINCREMENT NOT NULL, "chat_id" integer, "stage" integer)[0m
  ↳ db/migrate/20190107222604_create_users.rb:3
  [1m[36mActiveRecord::SchemaMigration Create (0.2ms)[0m  [1m[32mINSERT INTO "schema_migrations" ("version") VALUES (?)[0m  [["version", "20190107222604"]]
  ↳ bin/rails:9
  [1m[35m (0.8ms)[0m  [1m[36mcommit transaction[0m
  ↳ bin/rails:9
  [1m[36mActiveRecord::InternalMetadata Load (0.1ms)[0m  [1m[34mSELECT  "ar_internal_metadata".* FROM "ar_internal_metadata" WHERE "ar_internal_metadata"."key" = ? LIMIT ?[0m  [["key", "environment"], ["LIMIT", 1]]
  ↳ bin/rails:9
  [1m[35m (0.0ms)[0m  [1m[36mbegin transaction[0m
  ↳ bin/rails:9
  [1m[36mActiveRecord::InternalMetadata Create (0.3ms)[0m  [1m[32mINSERT INTO "ar_internal_metadata" ("key", "value", "created_at", "updated_at") VALUES (?, ?, ?, ?)[0m  [["key", "environment"], ["value", "development"], ["created_at", "2019-01-07 23:05:31.313667"], ["updated_at", "2019-01-07 23:05:31.313667"]]
  ↳ bin/rails:9
  [1m[35m (1.2ms)[0m  [1m[36mcommit transaction[0m
  ↳ bin/rails:9
  [1m[35m (0.1ms)[0m  [1m[34mSELECT "schema_migrations"."version" FROM "schema_migrations" ORDER BY "schema_migrations"."version" ASC[0m
  ↳ bin/rails:9
Started GET "/questions" for 127.0.0.1 at 2019-01-08 02:29:11 +0200
  [1m[35m (0.6ms)[0m  [1m[34mSELECT "schema_migrations"."version" FROM "schema_migrations" ORDER BY "schema_migrations"."version" ASC[0m
  ↳ /Users/dev/.rvm/gems/ruby-2.4.0/gems/activerecord-5.2.2/lib/active_record/log_subscriber.rb:98
Processing by QuestionsController#index as HTML
  Rendering questions/index.html.erb within layouts/application
  [1m[36mQuestion Load (0.6ms)[0m  [1m[34mSELECT "questions".* FROM "questions"[0m
  ↳ app/views/questions/index.html.erb:14
  Rendered questions/index.html.erb within layouts/application (7.7ms)
Completed 200 OK in 207ms (Views: 199.9ms | ActiveRecord: 0.9ms)


Started GET "/questions/new" for 127.0.0.1 at 2019-01-08 02:29:13 +0200
Processing by QuestionsController#new as HTML
  Rendering questions/new.html.erb within layouts/application
  Rendered questions/_form.html.erb (22.2ms)
  Rendered questions/new.html.erb within layouts/application (25.6ms)
Completed 200 OK in 51ms (Views: 44.9ms | ActiveRecord: 0.4ms)


Started POST "/questions" for 127.0.0.1 at 2019-01-08 02:29:16 +0200
Processing by QuestionsController#create as HTML
  Parameters: {"utf8"=>"✓", "authenticity_token"=>"7hCoLc2mYHDkV0AjlhNxfrUcKuusrqr61+sCAZEyyogUZ5l940v4DLABtF0KBzEYTfTkUFb8SG2uL/pPaD8Bag==", "question"=>{"text"=>"Name?"}, "commit"=>"Create Question"}
  [1m[35m (0.1ms)[0m  [1m[36mbegin transaction[0m
  ↳ app/controllers/questions_controller.rb:30
  [1m[36mQuestion Create (0.9ms)[0m  [1m[32mINSERT INTO "questions" ("text") VALUES (?)[0m  [["text", "Name?"]]
  ↳ app/controllers/questions_controller.rb:30
  [1m[35m (0.7ms)[0m  [1m[36mcommit transaction[0m
  ↳ app/controllers/questions_controller.rb:30
Redirected to http://localhost:3000/questions/1
Completed 302 Found in 6ms (ActiveRecord: 1.7ms)


Started GET "/questions/1" for 127.0.0.1 at 2019-01-08 02:29:16 +0200
Processing by QuestionsController#show as HTML
  Parameters: {"id"=>"1"}
  [1m[36mQuestion Load (0.2ms)[0m  [1m[34mSELECT  "questions".* FROM "questions" WHERE "questions"."id" = ? LIMIT ?[0m  [["id", 1], ["LIMIT", 1]]
  ↳ app/controllers/questions_controller.rb:67
  Rendering questions/show.html.erb within layouts/application
  Rendered questions/show.html.erb within layouts/application (1.1ms)
Completed 200 OK in 20ms (Views: 14.9ms | ActiveRecord: 0.2ms)


Started GET "/questions" for 127.0.0.1 at 2019-01-08 02:29:17 +0200
Processing by QuestionsController#index as HTML
  Rendering questions/index.html.erb within layouts/application
  [1m[36mQuestion Load (0.2ms)[0m  [1m[34mSELECT "questions".* FROM "questions"[0m
  ↳ app/views/questions/index.html.erb:14
  Rendered questions/index.html.erb within layouts/application (2.1ms)
Completed 200 OK in 23ms (Views: 20.5ms | ActiveRecord: 0.2ms)


Started GET "/questions/new" for 127.0.0.1 at 2019-01-08 02:29:18 +0200
Processing by QuestionsController#new as HTML
  Rendering questions/new.html.erb within layouts/application
  Rendered questions/_form.html.erb (2.8ms)
  Rendered questions/new.html.erb within layouts/application (6.4ms)
Completed 200 OK in 33ms (Views: 29.8ms | ActiveRecord: 0.0ms)


Started POST "/questions" for 127.0.0.1 at 2019-01-08 02:29:20 +0200
Processing by QuestionsController#create as HTML
  Parameters: {"utf8"=>"✓", "authenticity_token"=>"UnloBNWD9HKQNcHI6oMxjmN/e0OB37rLh60Ln6cloJCoDllU+25sDsRjNbZ2l3Hom5e1+HuNWFz+afPRXihrcg==", "question"=>{"text"=>"Phone?"}, "commit"=>"Create Question"}
  [1m[35m (0.1ms)[0m  [1m[36mbegin transaction[0m
  ↳ app/controllers/questions_controller.rb:30
  [1m[36mQuestion Create (0.5ms)[0m  [1m[32mINSERT INTO "questions" ("text") VALUES (?)[0m  [["text", "Phone?"]]
  ↳ app/controllers/questions_controller.rb:30
  [1m[35m (1.1ms)[0m  [1m[36mcommit transaction[0m
  ↳ app/controllers/questions_controller.rb:30
Redirected to http://localhost:3000/questions/2
Completed 302 Found in 5ms (ActiveRecord: 1.7ms)


Started GET "/questions/2" for 127.0.0.1 at 2019-01-08 02:29:20 +0200
Processing by QuestionsController#show as HTML
  Parameters: {"id"=>"2"}
  [1m[36mQuestion Load (0.1ms)[0m  [1m[34mSELECT  "questions".* FROM "questions" WHERE "questions"."id" = ? LIMIT ?[0m  [["id", 2], ["LIMIT", 1]]
  ↳ app/controllers/questions_controller.rb:67
  Rendering questions/show.html.erb within layouts/application
  Rendered questions/show.html.erb within layouts/application (0.8ms)
Completed 200 OK in 28ms (Views: 25.1ms | ActiveRecord: 0.1ms)


Started GET "/questions" for 127.0.0.1 at 2019-01-08 02:29:22 +0200
Processing by QuestionsController#index as HTML
  Rendering questions/index.html.erb within layouts/application
  [1m[36mQuestion Load (0.2ms)[0m  [1m[34mSELECT "questions".* FROM "questions"[0m
  ↳ app/views/questions/index.html.erb:14
  Rendered questions/index.html.erb within layouts/application (3.0ms)
Completed 200 OK in 21ms (Views: 19.4ms | ActiveRecord: 0.2ms)


Started GET "/questions/new" for 127.0.0.1 at 2019-01-08 02:29:23 +0200
Processing by QuestionsController#new as HTML
  Rendering questions/new.html.erb within layouts/application
  Rendered questions/_form.html.erb (2.4ms)
  Rendered questions/new.html.erb within layouts/application (8.7ms)
Completed 200 OK in 32ms (Views: 28.8ms | ActiveRecord: 0.0ms)


Started POST "/questions" for 127.0.0.1 at 2019-01-08 02:29:26 +0200
Processing by QuestionsController#create as HTML
  Parameters: {"utf8"=>"✓", "authenticity_token"=>"DzHuS+8EdMq1bbWUKBF81NPkdWU7nqo93qnOHNWQ4bj1Rt8bwenstuE7Qeq0BTyyKwy73sHMSKqnbTZSLJ0qWg==", "question"=>{"text"=>"age?"}, "commit"=>"Create Question"}
  [1m[35m (0.1ms)[0m  [1m[36mbegin transaction[0m
  ↳ app/controllers/questions_controller.rb:30
  [1m[36mQuestion Create (0.6ms)[0m  [1m[32mINSERT INTO "questions" ("text") VALUES (?)[0m  [["text", "age?"]]
  ↳ app/controllers/questions_controller.rb:30
  [1m[35m (0.9ms)[0m  [1m[36mcommit transaction[0m
  ↳ app/controllers/questions_controller.rb:30
Redirected to http://localhost:3000/questions/3
Completed 302 Found in 4ms (ActiveRecord: 1.6ms)


Started GET "/questions/3" for 127.0.0.1 at 2019-01-08 02:29:26 +0200
Processing by QuestionsController#show as HTML
  Parameters: {"id"=>"3"}
  [1m[36mQuestion Load (0.2ms)[0m  [1m[34mSELECT  "questions".* FROM "questions" WHERE "questions"."id" = ? LIMIT ?[0m  [["id", 3], ["LIMIT", 1]]
  ↳ app/controllers/questions_controller.rb:67
  Rendering questions/show.html.erb within layouts/application
  Rendered questions/show.html.erb within layouts/application (0.8ms)
Completed 200 OK in 23ms (Views: 19.6ms | ActiveRecord: 0.2ms)


Started GET "/questions" for 127.0.0.1 at 2019-01-08 02:29:27 +0200
Processing by QuestionsController#index as HTML
  Rendering questions/index.html.erb within layouts/application
  [1m[36mQuestion Load (0.5ms)[0m  [1m[34mSELECT "questions".* FROM "questions"[0m
  ↳ app/views/questions/index.html.erb:14
  Rendered questions/index.html.erb within layouts/application (4.4ms)
Completed 200 OK in 24ms (Views: 21.9ms | ActiveRecord: 0.5ms)


Started GET "/questions/new" for 127.0.0.1 at 2019-01-08 02:29:28 +0200
Processing by QuestionsController#new as HTML
  Rendering questions/new.html.erb within layouts/application
  Rendered questions/_form.html.erb (2.7ms)
  Rendered questions/new.html.erb within layouts/application (6.0ms)
Completed 200 OK in 30ms (Views: 27.7ms | ActiveRecord: 0.0ms)


Started POST "/questions" for 127.0.0.1 at 2019-01-08 02:29:31 +0200
Processing by QuestionsController#create as HTML
  Parameters: {"utf8"=>"✓", "authenticity_token"=>"ATEKMfwf8JRxZJy2QIU5gM5fhssaug+6Xlp+PHTyN7v7Rjth0vJo6CUyaMjckXnmNrdIcODo7S0nnoZyjf/8WQ==", "question"=>{"text"=>"mail?"}, "commit"=>"Create Question"}
  [1m[35m (0.1ms)[0m  [1m[36mbegin transaction[0m
  ↳ app/controllers/questions_controller.rb:30
  [1m[36mQuestion Create (0.5ms)[0m  [1m[32mINSERT INTO "questions" ("text") VALUES (?)[0m  [["text", "mail?"]]
  ↳ app/controllers/questions_controller.rb:30
  [1m[35m (1.4ms)[0m  [1m[36mcommit transaction[0m
  ↳ app/controllers/questions_controller.rb:30
Redirected to http://localhost:3000/questions/4
Completed 302 Found in 5ms (ActiveRecord: 2.0ms)


Started GET "/questions/4" for 127.0.0.1 at 2019-01-08 02:29:31 +0200
Processing by QuestionsController#show as HTML
  Parameters: {"id"=>"4"}
  [1m[36mQuestion Load (0.2ms)[0m  [1m[34mSELECT  "questions".* FROM "questions" WHERE "questions"."id" = ? LIMIT ?[0m  [["id", 4], ["LIMIT", 1]]
  ↳ app/controllers/questions_controller.rb:67
  Rendering questions/show.html.erb within layouts/application
  Rendered questions/show.html.erb within layouts/application (0.8ms)
Completed 200 OK in 21ms (Views: 18.0ms | ActiveRecord: 0.2ms)


Started GET "/questions" for 127.0.0.1 at 2019-01-08 02:29:32 +0200
Processing by QuestionsController#index as HTML
  Rendering questions/index.html.erb within layouts/application
  [1m[36mQuestion Load (0.2ms)[0m  [1m[34mSELECT "questions".* FROM "questions"[0m
  ↳ app/views/questions/index.html.erb:14
  Rendered questions/index.html.erb within layouts/application (3.3ms)
Completed 200 OK in 23ms (Views: 20.4ms | ActiveRecord: 0.2ms)


Started GET "/users" for 127.0.0.1 at 2019-01-08 02:41:10 +0200
Processing by UsersController#index as HTML
  Rendering users/index.html.erb within layouts/application
  [1m[36mUser Load (0.2ms)[0m  [1m[34mSELECT "users".* FROM "users"[0m
  ↳ app/views/users/index.html.erb:15
  Rendered users/index.html.erb within layouts/application (9.7ms)
Completed 200 OK in 66ms (Views: 50.1ms | ActiveRecord: 1.4ms)


Started GET "/users/1" for 127.0.0.1 at 2019-01-08 02:41:13 +0200
Processing by UsersController#show as HTML
  Parameters: {"id"=>"1"}
  [1m[36mUser Load (0.2ms)[0m  [1m[34mSELECT  "users".* FROM "users" WHERE "users"."id" = ? LIMIT ?[0m  [["id", 1], ["LIMIT", 1]]
  ↳ app/controllers/users_controller.rb:67
  Rendering users/show.html.erb within layouts/application
  Rendered users/show.html.erb within layouts/application (1.3ms)
Completed 200 OK in 25ms (Views: 19.4ms | ActiveRecord: 0.2ms)


Started GET "/users/1" for 127.0.0.1 at 2019-01-08 02:41:19 +0200
Processing by UsersController#show as HTML
  Parameters: {"id"=>"1"}
  [1m[36mUser Load (0.2ms)[0m  [1m[34mSELECT  "users".* FROM "users" WHERE "users"."id" = ? LIMIT ?[0m  [["id", 1], ["LIMIT", 1]]
  ↳ app/controllers/users_controller.rb:67
  Rendering users/show.html.erb within layouts/application
  Rendered users/show.html.erb within layouts/application (0.9ms)
Completed 200 OK in 27ms (Views: 23.2ms | ActiveRecord: 0.2ms)


Started GET "/users" for 127.0.0.1 at 2019-01-08 02:46:31 +0200
Processing by UsersController#index as HTML
  Rendering users/index.html.erb within layouts/application
  [1m[36mUser Load (0.2ms)[0m  [1m[34mSELECT "users".* FROM "users"[0m
  ↳ app/views/users/index.html.erb:15
  Rendered users/index.html.erb within layouts/application (6.0ms)
Completed 200 OK in 41ms (Views: 24.5ms | ActiveRecord: 0.7ms)


Started GET "/users/1" for 127.0.0.1 at 2019-01-08 02:46:32 +0200
Processing by UsersController#show as HTML
  Parameters: {"id"=>"1"}
  [1m[36mUser Load (0.2ms)[0m  [1m[34mSELECT  "users".* FROM "users" WHERE "users"."id" = ? LIMIT ?[0m  [["id", 1], ["LIMIT", 1]]
  ↳ app/controllers/users_controller.rb:68
  Rendering users/show.html.erb within layouts/application
  [1m[36mAnswer Load (0.7ms)[0m  [1m[34mSELECT "answers".* FROM "answers" WHERE "answers"."user_id" = ?[0m  [["user_id", 1]]
  ↳ app/views/users/show.html.erb:15
  Rendered users/show.html.erb within layouts/application (35.7ms)
Completed 200 OK in 93ms (Views: 58.5ms | ActiveRecord: 1.7ms)


Started GET "/users/1" for 127.0.0.1 at 2019-01-08 02:47:04 +0200
Processing by UsersController#show as HTML
  Parameters: {"id"=>"1"}
  [1m[36mUser Load (0.1ms)[0m  [1m[34mSELECT  "users".* FROM "users" WHERE "users"."id" = ? LIMIT ?[0m  [["id", 1], ["LIMIT", 1]]
  ↳ app/controllers/users_controller.rb:68
  Rendering users/show.html.erb within layouts/application
  [1m[36mAnswer Load (0.2ms)[0m  [1m[34mSELECT "answers".* FROM "answers" WHERE "answers"."user_id" = ?[0m  [["user_id", 1]]
  ↳ app/views/users/show.html.erb:15
  [1m[36mQuestion Load (0.1ms)[0m  [1m[34mSELECT  "questions".* FROM "questions" WHERE "questions"."id" = ? LIMIT ?[0m  [["id", 1], ["LIMIT", 1]]
  ↳ app/views/users/show.html.erb:16
  [1m[36mQuestion Load (0.1ms)[0m  [1m[34mSELECT  "questions".* FROM "questions" WHERE "questions"."id" = ? LIMIT ?[0m  [["id", 2], ["LIMIT", 1]]
  ↳ app/views/users/show.html.erb:16
  [1m[36mQuestion Load (0.1ms)[0m  [1m[34mSELECT  "questions".* FROM "questions" WHERE "questions"."id" = ? LIMIT ?[0m  [["id", 3], ["LIMIT", 1]]
  ↳ app/views/users/show.html.erb:16
  [1m[36mQuestion Load (0.1ms)[0m  [1m[34mSELECT  "questions".* FROM "questions" WHERE "questions"."id" = ? LIMIT ?[0m  [["id", 4], ["LIMIT", 1]]
  ↳ app/views/users/show.html.erb:16
  Rendered users/show.html.erb within layouts/application (19.8ms)
Completed 200 OK in 44ms (Views: 39.3ms | ActiveRecord: 1.5ms)


Started GET "/users/1" for 127.0.0.1 at 2019-01-08 02:47:16 +0200
Processing by UsersController#show as HTML
  Parameters: {"id"=>"1"}
  [1m[36mUser Load (0.1ms)[0m  [1m[34mSELECT  "users".* FROM "users" WHERE "users"."id" = ? LIMIT ?[0m  [["id", 1], ["LIMIT", 1]]
  ↳ app/controllers/users_controller.rb:68
  Rendering users/show.html.erb within layouts/application
  [1m[36mAnswer Load (0.1ms)[0m  [1m[34mSELECT "answers".* FROM "answers" WHERE "answers"."user_id" = ?[0m  [["user_id", 1]]
  ↳ app/views/users/show.html.erb:15
  [1m[36mQuestion Load (0.1ms)[0m  [1m[34mSELECT  "questions".* FROM "questions" WHERE "questions"."id" = ? LIMIT ?[0m  [["id", 1], ["LIMIT", 1]]
  ↳ app/views/users/show.html.erb:16
  [1m[36mQuestion Load (0.1ms)[0m  [1m[34mSELECT  "questions".* FROM "questions" WHERE "questions"."id" = ? LIMIT ?[0m  [["id", 2], ["LIMIT", 1]]
  ↳ app/views/users/show.html.erb:16
  [1m[36mQuestion Load (0.1ms)[0m  [1m[34mSELECT  "questions".* FROM "questions" WHERE "questions"."id" = ? LIMIT ?[0m  [["id", 3], ["LIMIT", 1]]
  ↳ app/views/users/show.html.erb:16
  [1m[36mQuestion Load (0.1ms)[0m  [1m[34mSELECT  "questions".* FROM "questions" WHERE "questions"."id" = ? LIMIT ?[0m  [["id", 4], ["LIMIT", 1]]
  ↳ app/views/users/show.html.erb:16
  Rendered users/show.html.erb within layouts/application (6.7ms)
Completed 200 OK in 23ms (Views: 20.2ms | ActiveRecord: 0.8ms)


